10:06:37.533 [main] INFO  factory.BaseClass - Credentials are passed successfully
10:06:58.451 [main] INFO  factory.BaseClass - ***TC_004_LoginDDT started***
10:06:59.697 [main] INFO  factory.BaseClass - Entered into login page
10:07:00.160 [main] INFO  factory.BaseClass - Credentials are passed successfully
10:07:01.967 [main] INFO  factory.BaseClass - Logged-in successfully with valid cred
10:07:07.183 [main] INFO  factory.BaseClass - ***TC_004_LoginDDT started***
10:07:07.782 [main] INFO  factory.BaseClass - Entered into login page
10:07:08.147 [main] INFO  factory.BaseClass - Credentials are passed successfully
10:07:29.607 [main] INFO  factory.BaseClass - ***TC_004_LoginDDT started***
10:07:30.227 [main] INFO  factory.BaseClass - Entered into login page
10:07:30.668 [main] INFO  factory.BaseClass - Credentials are passed successfully
10:07:32.659 [main] INFO  factory.BaseClass - Logged-in successfully with valid cred
10:07:37.711 [main] INFO  factory.BaseClass - ***TC_002_RegistrationTest - started***
10:07:38.490 [main] INFO  factory.BaseClass - Enters into registration page
10:07:40.651 [main] INFO  factory.BaseClass - User details are passed
10:07:41.732 [main] INFO  factory.BaseClass - Clicked the submit button
10:07:42.794 [main] INFO  factory.BaseClass - Registered sucessfully
10:07:43.327 [main] INFO  factory.BaseClass - ***TC_002_RegistrationTest - ended***
10:08:49.740 [main] INFO  factory.BaseClass - ***TC_002_RegistrationTest - started***
10:08:50.588 [main] INFO  factory.BaseClass - Enters into registration page
10:08:52.832 [main] INFO  factory.BaseClass - User details are passed
10:08:53.905 [main] INFO  factory.BaseClass - Clicked the submit button
10:08:54.987 [main] INFO  factory.BaseClass - Registered sucessfully
10:08:55.564 [main] INFO  factory.BaseClass - ***TC_002_RegistrationTest - ended***
10:09:17.730 [main] INFO  factory.BaseClass - ***TC_004_LoginDDT started***
10:09:18.321 [main] INFO  factory.BaseClass - Entered into login page
10:09:19.505 [main] INFO  factory.BaseClass - Credentials are passed successfully
10:09:41.673 [main] INFO  factory.BaseClass - ***TC_004_LoginDDT started***
10:09:42.324 [main] INFO  factory.BaseClass - Entered into login page
10:09:42.774 [main] INFO  factory.BaseClass - Credentials are passed successfully
10:09:44.653 [main] INFO  factory.BaseClass - Logged-in successfully with valid cred
10:09:49.982 [main] INFO  factory.BaseClass - ***TC_004_LoginDDT started***
10:09:50.445 [main] INFO  factory.BaseClass - Entered into login page
10:09:50.818 [main] INFO  factory.BaseClass - Credentials are passed successfully
10:10:12.320 [main] INFO  factory.BaseClass - ***TC_004_LoginDDT started***
10:10:12.948 [main] INFO  factory.BaseClass - Entered into login page
10:10:13.378 [main] INFO  factory.BaseClass - Credentials are passed successfully
10:10:15.247 [main] INFO  factory.BaseClass - Logged-in successfully with valid cred
10:10:20.649 [main] INFO  factory.BaseClass - ***TC_002_RegistrationTest - started***
10:10:21.311 [main] INFO  factory.BaseClass - Enters into registration page
10:10:23.499 [main] INFO  factory.BaseClass - User details are passed
10:10:24.712 [main] INFO  factory.BaseClass - Clicked the submit button
10:10:25.765 [main] INFO  factory.BaseClass - Registered sucessfully
10:10:26.280 [main] INFO  factory.BaseClass - ***TC_002_RegistrationTest - ended***
